<?xml version="1.0" encoding="UTF-8"?>
<!-- Generated by org.testng.reporters.JUnitReportReporter -->
<testsuite hostname="DESKTOP-7IVDP17" name="com.Myproject.PageObjectModel.core.Core_Basic" tests="1" failures="0" timestamp="11 Feb 2018 18:43:03 GMT" time="3.661" errors="0">
  <testcase name="launchBrowser" time="3.661" classname="com.Myproject.PageObjectModel.core.Core_Basic"/>
</testsuite> <!-- com.Myproject.PageObjectModel.core.Core_Basic -->
