<?xml version="1.0" encoding="UTF-8"?>
<!-- Generated by org.testng.reporters.JUnitReportReporter -->
<testsuite hostname="DESKTOP-7IVDP17" name="testCase.Pagetitle_TC" tests="1" failures="0" timestamp="11 Feb 2018 18:43:04 GMT" time="0.016" errors="0">
  <testcase name="pagetitle_verify" time="0.016" classname="testCase.Pagetitle_TC"/>
</testsuite> <!-- testCase.Pagetitle_TC -->
