<?xml version="1.0" encoding="UTF-8"?>
<!-- Generated by org.testng.reporters.JUnitReportReporter -->
<testsuite hostname="DESKTOP-7IVDP17" name="com.Myproject.PageObjectModel.core.Core_Basic" tests="1" failures="0" timestamp="9 Feb 2018 15:48:22 GMT" time="4.450" errors="0">
  <testcase name="launchBrowser" time="4.450" classname="com.Myproject.PageObjectModel.core.Core_Basic"/>
</testsuite> <!-- com.Myproject.PageObjectModel.core.Core_Basic -->
