<?xml version="1.0" encoding="UTF-8"?>
<!-- Generated by org.testng.reporters.JUnitReportReporter -->
<testsuite hostname="DESKTOP-7IVDP17" name="testCase.Login_TC" tests="1" failures="0" timestamp="9 Feb 2018 15:48:22 GMT" time="8.720" errors="0">
  <testcase name="Login_user" time="8.720" classname="testCase.Login_TC"/>
</testsuite> <!-- testCase.Login_TC -->
